<?xml version="1.0" encoding="UTF-8"?>
<!-- Generated by org.testng.reporters.JUnitXMLReporter -->
<testsuite ignored="0" hostname="DESKTOP-OLMI7T4" failures="2" tests="5" name="Firefox Test" time="25.66" errors="0" timestamp="2024-12-30T20:21:40 WAT">
  <testcase classname="com.SauceLab.TestBase.LoginTest" name="verifyImage" time="0.089"/>
  <testcase classname="com.SauceLab.TestBase.LoginTest" name="sauceLoginTest" time="5.354"/>
  <testcase classname="com.SauceLab.TestBase.LoginTest" name="verifySort" time="2.724"/>
  <testcase classname="com.SauceLab.TestBase.LoginTest" name="cartPageTest" time="0.298">
    <failure type="org.openqa.selenium.interactions.MoveTargetOutOfBoundsException" message="Move target (1257, 812) is out of bounds of viewport dimensions (1366, 635)
Build info: version: &amp;apos;4.22.0&amp;apos;, revision: &amp;apos;c5f3146703*&amp;apos;
System info: os.name: &amp;apos;Windows 11&amp;apos;, os.arch: &amp;apos;amd64&amp;apos;, os.version: &amp;apos;10.0&amp;apos;, java.version: &amp;apos;22&amp;apos;
Driver info: org.openqa.selenium.firefox.FirefoxDriver
Command: [97cf4f95-1c14-45a6-9724-d02922e4a566, actions {actions=[org.openqa.selenium.interactions.Sequence@6db0752b]}]
Capabilities {acceptInsecureCerts: true, browserName: firefox, browserVersion: 132.0.2, moz:accessibilityChecks: false, moz:buildID: 20241110231641, moz:debuggerAddress: 127.0.0.1:24742, moz:geckodriverVersion: 0.35.0, moz:headless: false, moz:platformVersion: 10.0, moz:processID: 4268, moz:profile: C:\Users\hp\AppData\Local\T..., moz:shutdownTimeout: 60000, moz:webdriverClick: true, moz:windowless: false, pageLoadStrategy: normal, platformName: windows, proxy: Proxy(), se:cdp: ws://127.0.0.1:24742/devtoo..., se:cdpVersion: 85.0, setWindowRect: true, strictFileInteractability: false, timeouts: {implicit: 0, pageLoad: 300000, script: 30000}, unhandledPromptBehavior: dismiss and notify, userAgent: Mozilla/5.0 (Windows NT 10....}
Session ID: 97cf4f95-1c14-45a6-9724-d02922e4a566">
      <![CDATA[org.openqa.selenium.interactions.MoveTargetOutOfBoundsException: Move target (1257, 812) is out of bounds of viewport dimensions (1366, 635)
Build info: version: '4.22.0', revision: 'c5f3146703*'
System info: os.name: 'Windows 11', os.arch: 'amd64', os.version: '10.0', java.version: '22'
Driver info: org.openqa.selenium.firefox.FirefoxDriver
Command: [97cf4f95-1c14-45a6-9724-d02922e4a566, actions {actions=[org.openqa.selenium.interactions.Sequence@6db0752b]}]
Capabilities {acceptInsecureCerts: true, browserName: firefox, browserVersion: 132.0.2, moz:accessibilityChecks: false, moz:buildID: 20241110231641, moz:debuggerAddress: 127.0.0.1:24742, moz:geckodriverVersion: 0.35.0, moz:headless: false, moz:platformVersion: 10.0, moz:processID: 4268, moz:profile: C:\Users\hp\AppData\Local\T..., moz:shutdownTimeout: 60000, moz:webdriverClick: true, moz:windowless: false, pageLoadStrategy: normal, platformName: windows, proxy: Proxy(), se:cdp: ws://127.0.0.1:24742/devtoo..., se:cdpVersion: 85.0, setWindowRect: true, strictFileInteractability: false, timeouts: {implicit: 0, pageLoad: 300000, script: 30000}, unhandledPromptBehavior: dismiss and notify, userAgent: Mozilla/5.0 (Windows NT 10....}
Session ID: 97cf4f95-1c14-45a6-9724-d02922e4a566
at org.openqa.selenium.remote.ErrorCodec.decode(ErrorCodec.java:167)
at org.openqa.selenium.remote.codec.w3c.W3CHttpResponseCodec.decode(W3CHttpResponseCodec.java:138)
at org.openqa.selenium.remote.codec.w3c.W3CHttpResponseCodec.decode(W3CHttpResponseCodec.java:50)
at org.openqa.selenium.remote.HttpCommandExecutor.execute(HttpCommandExecutor.java:190)
at org.openqa.selenium.remote.service.DriverCommandExecutor.invokeExecute(DriverCommandExecutor.java:216)
at org.openqa.selenium.remote.service.DriverCommandExecutor.execute(DriverCommandExecutor.java:174)
at org.openqa.selenium.remote.RemoteWebDriver.execute(RemoteWebDriver.java:518)
at org.openqa.selenium.remote.RemoteWebDriver.perform(RemoteWebDriver.java:604)
at org.openqa.selenium.interactions.Actions$BuiltAction.perform(Actions.java:603)
at com.SauceLab.page.CartPage.clickCheckoutButton(CartPage.java:48)
at com.SauceLab.TestBase.LoginTest.cartPageTest(LoginTest.java:59)
at java.base/java.util.ArrayList.forEach(ArrayList.java:1597)
at java.base/java.util.concurrent.FutureTask.run(FutureTask.java:317)
at java.base/java.util.concurrent.ThreadPoolExecutor.runWorker(ThreadPoolExecutor.java:1144)
at java.base/java.util.concurrent.ThreadPoolExecutor$Worker.run(ThreadPoolExecutor.java:642)
at java.base/java.lang.Thread.run(Thread.java:1570)
... Removed 19 stack frames]]>
    </failure>
  </testcase> <!-- cartPageTest -->
  <testcase classname="com.SauceLab.TestBase.LoginTest" name="cartPageTest" time="0.298">
    <failure type="java.lang.ClassCastException" message="class java.lang.ThreadLocal cannot be cast to class org.openqa.selenium.TakesScreenshot (java.lang.ThreadLocal is in module java.base of loader &amp;apos;bootstrap&amp;apos;; org.openqa.selenium.TakesScreenshot is in unnamed module of loader &amp;apos;app&amp;apos;)">
      <![CDATA[java.lang.ClassCastException: class java.lang.ThreadLocal cannot be cast to class org.openqa.selenium.TakesScreenshot (java.lang.ThreadLocal is in module java.base of loader 'bootstrap'; org.openqa.selenium.TakesScreenshot is in unnamed module of loader 'app')
at com.SauceLab.Listeners.ExtentManager.captureScreenshot(ExtentManager.java:60)
at com.SauceLab.Listeners.ListenerClass.onTestFailure(ListenerClass.java:56)
at java.base/java.util.ArrayList.forEach(ArrayList.java:1597)
at java.base/java.util.concurrent.FutureTask.run(FutureTask.java:317)
at java.base/java.util.concurrent.ThreadPoolExecutor.runWorker(ThreadPoolExecutor.java:1144)
at java.base/java.util.concurrent.ThreadPoolExecutor$Worker.run(ThreadPoolExecutor.java:642)
at java.base/java.lang.Thread.run(Thread.java:1570)
... Removed 15 stack frames]]>
    </failure>
  </testcase> <!-- cartPageTest -->
</testsuite> <!-- Firefox Test -->
